{"/Users/naufalrdj/Documents/recon_general/src/constant/common.ts": {"path":"/Users/naufalrdj/Documents/recon_general/src/constant/common.ts","statementMap":{"0":{"start":{"line":1,"column":13},"end":{"line":6,"column":2}},"1":{"start":{"line":8,"column":13},"end":{"line":14,"column":2}}},"fnMap":{},"branchMap":{},"s":{"0":1,"1":1},"f":{},"b":{}}
,"/Users/naufalrdj/Documents/recon_general/src/mapper/file_mapper.ts": {"path":"/Users/naufalrdj/Documents/recon_general/src/mapper/file_mapper.ts","statementMap":{"0":{"start":{"line":1,"column":0},"end":{"line":1,"column":25}},"1":{"start":{"line":2,"column":0},"end":{"line":2,"column":29}},"2":{"start":{"line":9,"column":24},"end":{"line":16,"column":2}},"3":{"start":{"line":9,"column":73},"end":{"line":16,"column":2}},"4":{"start":{"line":11,"column":23},"end":{"line":13,"column":null}},"5":{"start":{"line":15,"column":2},"end":{"line":15,"column":14}},"6":{"start":{"line":9,"column":13},"end":{"line":9,"column":24}},"7":{"start":{"line":18,"column":28},"end":{"line":33,"column":2}},"8":{"start":{"line":20,"column":18},"end":{"line":33,"column":2}},"9":{"start":{"line":21,"column":2},"end":{"line":32,"column":null}},"10":{"start":{"line":22,"column":4},"end":{"line":29,"column":6}},"11":{"start":{"line":31,"column":4},"end":{"line":31,"column":17}},"12":{"start":{"line":18,"column":13},"end":{"line":18,"column":28}},"13":{"start":{"line":35,"column":33},"end":{"line":65,"column":2}},"14":{"start":{"line":37,"column":18},"end":{"line":65,"column":2}},"15":{"start":{"line":39,"column":4},"end":{"line":55,"column":40}},"16":{"start":{"line":56,"column":2},"end":{"line":64,"column":null}},"17":{"start":{"line":57,"column":4},"end":{"line":61,"column":6}},"18":{"start":{"line":63,"column":4},"end":{"line":63,"column":17}},"19":{"start":{"line":35,"column":13},"end":{"line":35,"column":33}}},"fnMap":{"0":{"name":"(anonymous_13)","decl":{"start":{"line":9,"column":24},"end":{"line":9,"column":31}},"loc":{"start":{"line":9,"column":73},"end":{"line":16,"column":2}}},"1":{"name":"(anonymous_14)","decl":{"start":{"line":9,"column":73},"end":{"line":9,"column":null}},"loc":{"start":{"line":9,"column":73},"end":{"line":16,"column":1}}},"2":{"name":"(anonymous_15)","decl":{"start":{"line":18,"column":28},"end":{"line":18,"column":null}},"loc":{"start":{"line":20,"column":18},"end":{"line":33,"column":2}}},"3":{"name":"(anonymous_16)","decl":{"start":{"line":20,"column":18},"end":{"line":20,"column":null}},"loc":{"start":{"line":20,"column":18},"end":{"line":33,"column":1}}},"4":{"name":"(anonymous_17)","decl":{"start":{"line":35,"column":33},"end":{"line":35,"column":null}},"loc":{"start":{"line":37,"column":18},"end":{"line":65,"column":2}}},"5":{"name":"(anonymous_18)","decl":{"start":{"line":37,"column":18},"end":{"line":37,"column":null}},"loc":{"start":{"line":37,"column":18},"end":{"line":65,"column":1}}}},"branchMap":{},"s":{"0":2,"1":2,"2":2,"3":7,"4":7,"5":7,"6":2,"7":2,"8":4,"9":4,"10":4,"11":1,"12":2,"13":2,"14":5,"15":5,"16":5,"17":5,"18":2,"19":2},"f":{"0":7,"1":7,"2":4,"3":4,"4":5,"5":5},"b":{}}
,"/Users/naufalrdj/Documents/recon_general/src/services/impl/file_service_impl.ts": {"path":"/Users/naufalrdj/Documents/recon_general/src/services/impl/file_service_impl.ts","statementMap":{"0":{"start":{"line":1,"column":0},"end":{"line":1,"column":73}},"1":{"start":{"line":10,"column":0},"end":{"line":10,"column":null}},"2":{"start":{"line":21,"column":45},"end":{"line":23,"column":6}},"3":{"start":{"line":24,"column":25},"end":{"line":24,"column":56}},"4":{"start":{"line":25,"column":59},"end":{"line":25,"column":61}},"5":{"start":{"line":26,"column":44},"end":{"line":26,"column":60}},"6":{"start":{"line":27,"column":40},"end":{"line":27,"column":70}},"7":{"start":{"line":29,"column":4},"end":{"line":39,"column":null}},"8":{"start":{"line":29,"column":21},"end":{"line":29,"column":22}},"9":{"start":{"line":30,"column":45},"end":{"line":30,"column":47}},"10":{"start":{"line":32,"column":27},"end":{"line":32,"column":61}},"11":{"start":{"line":34,"column":6},"end":{"line":36,"column":null}},"12":{"start":{"line":34,"column":27},"end":{"line":34,"column":28}},"13":{"start":{"line":35,"column":8},"end":{"line":35,"column":66}},"14":{"start":{"line":38,"column":6},"end":{"line":38,"column":35}},"15":{"start":{"line":40,"column":4},"end":{"line":40,"column":27}},"16":{"start":{"line":46,"column":44},"end":{"line":53,"column":6}},"17":{"start":{"line":54,"column":4},"end":{"line":54,"column":41}},"18":{"start":{"line":58,"column":44},"end":{"line":60,"column":6}},"19":{"start":{"line":61,"column":30},"end":{"line":61,"column":57}},"20":{"start":{"line":62,"column":29},"end":{"line":62,"column":31}},"21":{"start":{"line":63,"column":4},"end":{"line":71,"column":null}},"22":{"start":{"line":64,"column":18},"end":{"line":64,"column":19}},"23":{"start":{"line":68,"column":6},"end":{"line":70,"column":15}},"24":{"start":{"line":72,"column":37},"end":{"line":72,"column":68}},"25":{"start":{"line":73,"column":45},"end":{"line":76,"column":6}},"26":{"start":{"line":77,"column":4},"end":{"line":77,"column":36}},"27":{"start":{"line":81,"column":52},"end":{"line":82,"column":null}},"28":{"start":{"line":84,"column":52},"end":{"line":85,"column":null}},"29":{"start":{"line":87,"column":25},"end":{"line":87,"column":26}},"30":{"start":{"line":88,"column":35},"end":{"line":88,"column":36}},"31":{"start":{"line":89,"column":49},"end":{"line":89,"column":51}},"32":{"start":{"line":90,"column":43},"end":{"line":90,"column":45}},"33":{"start":{"line":92,"column":4},"end":{"line":122,"column":null}},"34":{"start":{"line":92,"column":21},"end":{"line":92,"column":22}},"35":{"start":{"line":93,"column":6},"end":{"line":93,"column":66}},"36":{"start":{"line":94,"column":6},"end":{"line":94,"column":66}},"37":{"start":{"line":95,"column":6},"end":{"line":121,"column":null}},"38":{"start":{"line":99,"column":8},"end":{"line":99,"column":70}},"39":{"start":{"line":100,"column":8},"end":{"line":104,"column":null}},"40":{"start":{"line":101,"column":10},"end":{"line":102,"column":59}},"41":{"start":{"line":103,"column":10},"end":{"line":103,"column":74}},"42":{"start":{"line":105,"column":8},"end":{"line":109,"column":null}},"43":{"start":{"line":106,"column":10},"end":{"line":107,"column":64}},"44":{"start":{"line":108,"column":10},"end":{"line":108,"column":73}},"45":{"start":{"line":110,"column":8},"end":{"line":114,"column":null}},"46":{"start":{"line":111,"column":10},"end":{"line":112,"column":57}},"47":{"start":{"line":113,"column":10},"end":{"line":113,"column":72}},"48":{"start":{"line":115,"column":8},"end":{"line":119,"column":null}},"49":{"start":{"line":116,"column":10},"end":{"line":117,"column":55}},"50":{"start":{"line":118,"column":10},"end":{"line":118,"column":70}},"51":{"start":{"line":120,"column":8},"end":{"line":120,"column":28}},"52":{"start":{"line":125,"column":4},"end":{"line":129,"column":null}},"53":{"start":{"line":125,"column":21},"end":{"line":125,"column":22}},"54":{"start":{"line":126,"column":6},"end":{"line":128,"column":null}},"55":{"start":{"line":127,"column":8},"end":{"line":127,"column":38}},"56":{"start":{"line":132,"column":31},"end":{"line":132,"column":70}},"57":{"start":{"line":132,"column":58},"end":{"line":132,"column":69}},"58":{"start":{"line":133,"column":26},"end":{"line":133,"column":57}},"59":{"start":{"line":134,"column":26},"end":{"line":134,"column":57}},"60":{"start":{"line":135,"column":37},"end":{"line":136,"column":null}},"61":{"start":{"line":138,"column":37},"end":{"line":139,"column":null}},"62":{"start":{"line":141,"column":4},"end":{"line":141,"column":68}},"63":{"start":{"line":143,"column":48},"end":{"line":150,"column":6}},"64":{"start":{"line":152,"column":4},"end":{"line":152,"column":43}},"65":{"start":{"line":154,"column":47},"end":{"line":157,"column":6}},"66":{"start":{"line":158,"column":4},"end":{"line":158,"column":38}},"67":{"start":{"line":17,"column":0},"end":{"line":17,"column":13}}},"fnMap":{"0":{"name":"(anonymous_7)","decl":{"start":{"line":18,"column":16},"end":{"line":18,"column":27}},"loc":{"start":{"line":19,"column":20},"end":{"line":41,"column":null}}},"1":{"name":"(anonymous_9)","decl":{"start":{"line":43,"column":16},"end":{"line":43,"column":33}},"loc":{"start":{"line":44,"column":39},"end":{"line":55,"column":null}}},"2":{"name":"(anonymous_11)","decl":{"start":{"line":57,"column":16},"end":{"line":57,"column":26}},"loc":{"start":{"line":57,"column":61},"end":{"line":78,"column":null}}},"3":{"name":"(anonymous_13)","decl":{"start":{"line":80,"column":15},"end":{"line":80,"column":27}},"loc":{"start":{"line":80,"column":56},"end":{"line":159,"column":null}}},"4":{"name":"(anonymous_15)","decl":{"start":{"line":132,"column":53},"end":{"line":132,"column":54}},"loc":{"start":{"line":132,"column":58},"end":{"line":132,"column":69}}}},"branchMap":{"0":{"loc":{"start":{"line":95,"column":6},"end":{"line":121,"column":null}},"type":"if","locations":[{"start":{"line":95,"column":6},"end":{"line":121,"column":null}}]},"1":{"loc":{"start":{"line":96,"column":8},"end":{"line":97,"column":42}},"type":"binary-expr","locations":[{"start":{"line":96,"column":8},"end":{"line":96,"column":42}},{"start":{"line":97,"column":8},"end":{"line":97,"column":42}}]},"2":{"loc":{"start":{"line":100,"column":8},"end":{"line":104,"column":null}},"type":"if","locations":[{"start":{"line":100,"column":8},"end":{"line":104,"column":null}}]},"3":{"loc":{"start":{"line":105,"column":8},"end":{"line":109,"column":null}},"type":"if","locations":[{"start":{"line":105,"column":8},"end":{"line":109,"column":null}}]},"4":{"loc":{"start":{"line":110,"column":8},"end":{"line":114,"column":null}},"type":"if","locations":[{"start":{"line":110,"column":8},"end":{"line":114,"column":null}}]},"5":{"loc":{"start":{"line":115,"column":8},"end":{"line":119,"column":null}},"type":"if","locations":[{"start":{"line":115,"column":8},"end":{"line":119,"column":null}}]},"6":{"loc":{"start":{"line":126,"column":6},"end":{"line":128,"column":null}},"type":"if","locations":[{"start":{"line":126,"column":6},"end":{"line":128,"column":null}}]}},"s":{"0":1,"1":1,"2":6,"3":6,"4":6,"5":6,"6":6,"7":6,"8":6,"9":57,"10":57,"11":57,"12":57,"13":228,"14":57,"15":6,"16":3,"17":3,"18":3,"19":3,"20":3,"21":3,"22":3,"23":30,"24":3,"25":3,"26":3,"27":3,"28":3,"29":3,"30":3,"31":3,"32":3,"33":3,"34":3,"35":27,"36":27,"37":27,"38":27,"39":27,"40":18,"41":18,"42":27,"43":18,"44":18,"45":27,"46":18,"47":18,"48":27,"49":18,"50":18,"51":27,"52":3,"53":3,"54":27,"55":18,"56":3,"57":54,"58":3,"59":3,"60":3,"61":3,"62":3,"63":3,"64":3,"65":3,"66":3,"67":1},"f":{"0":6,"1":3,"2":3,"3":3,"4":54},"b":{"0":[27],"1":[27,27],"2":[18],"3":[18],"4":[18],"5":[18],"6":[18]}}
,"/Users/naufalrdj/Documents/recon_general/tests/constant/file.ts": {"path":"/Users/naufalrdj/Documents/recon_general/tests/constant/file.ts","statementMap":{"0":{"start":{"line":8,"column":13},"end":{"line":19,"column":2}},"1":{"start":{"line":21,"column":13},"end":{"line":24,"column":2}},"2":{"start":{"line":26,"column":13},"end":{"line":28,"column":2}},"3":{"start":{"line":30,"column":13},"end":{"line":33,"column":2}}},"fnMap":{},"branchMap":{},"s":{"0":2,"1":2,"2":2,"3":2},"f":{},"b":{}}
}
