TN:
SF:src/constant/common.ts
FNF:0
FNH:0
DA:1,1
DA:8,1
LF:2
LH:2
BRF:0
BRH:0
end_of_record
TN:
SF:src/mapper/file_mapper.ts
FN:9,(anonymous_13)
FN:9,(anonymous_14)
FN:18,(anonymous_15)
FN:20,(anonymous_16)
FN:35,(anonymous_17)
FN:37,(anonymous_18)
FNF:6
FNH:6
FNDA:7,(anonymous_13)
FNDA:7,(anonymous_14)
FNDA:4,(anonymous_15)
FNDA:4,(anonymous_16)
FNDA:5,(anonymous_17)
FNDA:5,(anonymous_18)
DA:1,2
DA:2,2
DA:9,7
DA:11,7
DA:15,7
DA:18,2
DA:20,4
DA:21,4
DA:22,4
DA:31,1
DA:35,2
DA:37,5
DA:39,5
DA:56,5
DA:57,5
DA:63,2
LF:16
LH:16
BRF:0
BRH:0
end_of_record
TN:
SF:src/services/impl/file_service_impl.ts
FN:18,(anonymous_7)
FN:43,(anonymous_9)
FN:57,(anonymous_11)
FN:80,(anonymous_13)
FN:132,(anonymous_15)
FNF:5
FNH:5
FNDA:6,(anonymous_7)
FNDA:3,(anonymous_9)
FNDA:3,(anonymous_11)
FNDA:3,(anonymous_13)
FNDA:54,(anonymous_15)
DA:1,1
DA:10,1
DA:17,1
DA:21,6
DA:24,6
DA:25,6
DA:26,6
DA:27,6
DA:29,6
DA:30,57
DA:32,57
DA:34,57
DA:35,228
DA:38,57
DA:40,6
DA:46,3
DA:54,3
DA:58,3
DA:61,3
DA:62,3
DA:63,3
DA:64,3
DA:68,30
DA:72,3
DA:73,3
DA:77,3
DA:81,3
DA:84,3
DA:87,3
DA:88,3
DA:89,3
DA:90,3
DA:92,3
DA:93,27
DA:94,27
DA:95,27
DA:99,27
DA:100,27
DA:101,18
DA:103,18
DA:105,27
DA:106,18
DA:108,18
DA:110,27
DA:111,18
DA:113,18
DA:115,27
DA:116,18
DA:118,18
DA:120,27
DA:125,3
DA:126,27
DA:127,18
DA:132,54
DA:133,3
DA:134,3
DA:135,3
DA:138,3
DA:141,3
DA:143,3
DA:152,3
DA:154,3
DA:158,3
LF:63
LH:63
BRDA:95,0,0,27
BRDA:96,1,0,27
BRDA:96,1,1,27
BRDA:100,2,0,18
BRDA:105,3,0,18
BRDA:110,4,0,18
BRDA:115,5,0,18
BRDA:126,6,0,18
BRF:8
BRH:8
end_of_record
TN:
SF:tests/constant/file.ts
FNF:0
FNH:0
DA:8,2
DA:21,2
DA:26,2
DA:30,2
LF:4
LH:4
BRF:0
BRH:0
end_of_record
